{"/Users/teo/Coding/Exercise/webpack/libs/pkg_extract/lib/webpack.dev.js":{"path":"/Users/teo/Coding/Exercise/webpack/libs/pkg_extract/lib/webpack.dev.js","s":{"1":1,"2":1,"3":1,"4":1},"b":{},"f":{},"fnMap":{},"statementMap":{"1":{"start":{"line":1,"column":0},"end":{"line":1,"column":43}},"2":{"start":{"line":2,"column":0},"end":{"line":2,"column":45}},"3":{"start":{"line":4,"column":0},"end":{"line":11,"column":2}},"4":{"start":{"line":13,"column":0},"end":{"line":13,"column":43}}},"branchMap":{}}}